
2017-10-27 - Friday - 09:42:58am - aga23 - deploy copy Failed:  - aga23
2017-10-27 - Friday - 09:44:04am - aga23 - deploy copy Failed:  - aga23
2017-10-27 - Friday - 09:45:25am - aga23 - deploy copy Failed:  - aga23
2017-10-27 - Friday - 09:48:13am - aga23 - deploy copy Failed:  - aga23
2017-10-27 - Friday - 09:53:39am - aga23 - deploy copy Failed:  - aga23
2017-10-27 - Friday - 09:57:04am - aga23 - deploy copy Failed:  - aga23
2017-10-27 - Friday - 10:02:44am - aga23 - deploy copy Failed:  - aga23
2017-10-27 - Friday - 10:05:07am - aga23 - deploy copy Failed:  - aga23
2017-10-27 - Friday - 10:27:07am - aga23 - deploy copy successful:  - deployServer.php
2017-10-27 - Friday - 01:08:06pm - aga23 - deploy copy Failed:  - deployServer.php
2017-10-27 - Friday - 01:09:24pm - aga23 - deploy copy Failed:  - deployServer.php
2017-10-27 - Friday - 01:10:41pm - aga23 - deploy copy successful:  - deployServer.php
2017-10-27 - Friday - 01:13:00pm - aga23 - ERROR: Type is not supported - aga23
2017-10-27 - Friday - 01:18:38pm - aga23 - deploy copy Failed:  - deployServer.php
2017-10-27 - Friday - 01:28:10pm - aga23 - deploy copy Failed:  - deployServer.php
2017-10-27 - Friday - 01:28:56pm - aga23 - deploy copy Failed:  - deployServer.php
2017-10-27 - Friday - 01:29:33pm - aga23 - deploy copy Failed:  - deployServer.php
2017-10-27 - Friday - 01:30:35pm - aga23 - deploy copy Failed:  - deployServer.php
2017-10-27 - Friday - 01:42:07pm - aga23 - deploy copy Failed:  - deployServer.php
2017-10-27 - Friday - 01:42:49pm - aga23 - deploy copy successful:  - deployServer.php
2017-10-27 - Friday - 01:43:40pm - aga23 - deploy copy successful:  - deployServer.php
2017-10-27 - Friday - 01:43:51pm - aga23 - deploy copy successful:  - deployServer.php
2017-10-27 - Friday - 01:45:57pm - aga23 - deploy copy Failed:  - deployServer.php
2017-10-27 - Friday - 01:46:08pm - aga23 - deploy copy Failed:  - deployServer.php
2017-10-27 - Friday - 01:47:22pm - aga23 - deploy copy Failed:  - deployServer.php
2017-10-27 - Friday - 01:47:43pm - aga23 - deploy copy Failed:  - deployServer.php
2017-10-27 - Friday - 01:47:50pm - aga23 - deploy copy Failed:  - deployServer.php
2017-10-27 - Friday - 01:52:07pm - aga23 - deploy copy successful:  - deployServer.php
2017-10-27 - Friday - 01:52:22pm - aga23 - deploy copy Failed:  - deployServer.php
2017-10-27 - Friday - 01:53:04pm - aga23 - deploy copy successful:  - deployServer.php
2017-10-27 - Friday - 01:55:18pm - aga23 - deploy copy Failed:  - deployServer.php
2017-10-27 - Friday - 01:55:26pm - aga23 - deploy copy Failed:  - deployServer.php
2017-10-30 - Monday - 08:29:37pm - aga23 - deploy copy successful:  - deployServer.php
2017-10-30 - Monday - 08:39:52pm - aga23 - deploy copy Failed:  - deployServer.php
2017-10-30 - Monday - 08:43:51pm - aga23 - deploy copy Failed:  - deployServer.php
2017-10-30 - Monday - 11:00:25pm - aga23 - deploy copy Failed:  - deployServer.php
2017-10-30 - Monday - 11:00:33pm - aga23 - deploy copy Failed:  - deployServer.php
2017-10-30 - Monday - 11:01:35pm - aga23 - deploy copy Failed:  - deployServer.php
2017-10-30 - Monday - 11:03:46pm - aga23 - deploy copy Failed:  - deployServer.php
2017-10-30 - Monday - 11:04:49pm - aga23 - deploy copy Failed:  - deployServer.php
2017-10-30 - Monday - 11:05:27pm - aga23 - deploy copy Failed:  - deployServer.php
2017-10-30 - Monday - 11:07:30pm - aga23 - deploy copy successful:  - deployServer.php
2017-10-30 - Monday - 11:08:13pm - aga23 - deploy copy Failed:  - deployServer.php
2017-10-30 - Monday - 11:19:40pm - aga23 - deploy copy Failed:  - deployServer.php
2017-10-30 - Monday - 11:21:45pm - aga23 - deploy copy Failed:  - deployServer.php
2017-10-30 - Monday - 11:22:15pm - aga23 - deploy copy Failed:  - deployServer.php
2017-10-30 - Monday - 11:22:42pm - aga23 - deploy copy Failed:  - deployServer.php
2017-10-30 - Monday - 11:23:39pm - aga23 - deploy copy Failed:  - deployServer.php
2017-10-30 - Monday - 11:24:14pm - aga23 - deploy copy successful:  - deployServer.php
2017-10-30 - Monday - 11:24:23pm - aga23 - deploy copy successful:  - deployServer.php
2017-10-30 - Monday - 11:24:26pm - aga23 - deploy copy successful:  - deployServer.php
2017-10-30 - Monday - 11:28:05pm - aga23 - deploy copy Failed:  - deployServer.php
2017-10-30 - Monday - 11:29:10pm - aga23 - deploy copy Failed:  - deployServer.php
2017-10-30 - Monday - 11:30:51pm - aga23 - deploy copy Failed:  - deployServer.php
2017-10-30 - Monday - 11:31:40pm - aga23 - deploy copy Failed:  - deployServer.php
2017-10-30 - Monday - 11:33:23pm - aga23 - deploy copy successful:  - deployServer.php
2017-10-30 - Monday - 11:33:57pm - aga23 - deploy copy successful:  - deployServer.php
2017-10-30 - Monday - 11:35:35pm - aga23 - deploy copy Failed:  - deployServer.php
2017-10-30 - Monday - 11:36:34pm - aga23 - deploy copy Failed:  - deployServer.php
2017-10-30 - Monday - 11:36:57pm - aga23 - deploy copy Failed:  - deployServer.php
2017-10-30 - Monday - 11:40:03pm - aga23 - deploy copy successful:  - deployServer.php
2017-10-30 - Monday - 11:40:06pm - aga23 - deploy copy successful:  - deployServer.php
2017-10-30 - Monday - 11:40:09pm - aga23 - deploy copy successful:  - deployServer.php
2017-10-30 - Monday - 11:40:39pm - aga23 - deploy copy Failed:  - deployServer.php
2017-10-30 - Monday - 11:44:27pm - aga23 - deploy copy Failed:  - deployServer.php
2017-10-30 - Monday - 11:44:58pm - aga23 - deploy copy successful:  - deployServer.php
2017-10-30 - Monday - 11:51:10pm - aga23 - deploy copy successful:  - deployServer.php
2017-10-30 - Monday - 11:52:10pm - aga23 - deploy copy successful:  - deployServer.php
2017-10-30 - Monday - 11:52:42pm - aga23 - deploy copy Failed:  - deployServer.php
2017-10-30 - Monday - 11:55:43pm - aga23 - deploy copy successful:  - deployServer.php
2017-10-30 - Monday - 11:56:10pm - aga23 - deploy copy successful:  - deployServer.php
2017-10-30 - Monday - 11:56:14pm - aga23 - deploy copy successful:  - deployServer.php
2017-10-30 - Monday - 11:56:40pm - aga23 - deploy copy successful:  - deployServer.php
2017-11-01 - Wednesday - 08:38:03pm - aga23 - deploy copy Failed:  - deployServer.php
2017-11-01 - Wednesday - 08:38:03pm - aga23 - deploy copy Failed:  - deployServer.php
2017-11-01 - Wednesday - 08:38:03pm - aga23 - deploy copy Failed:  - deployServer.php
2017-11-01 - Wednesday - 08:38:03pm - aga23 - deploy copy Failed:  - deployServer.php
2017-11-01 - Wednesday - 08:38:03pm - aga23 - deploy copy Failed:  - deployServer.php
2017-11-01 - Wednesday - 08:38:03pm - aga23 - deploy copy Failed:  - deployServer.php
2017-11-01 - Wednesday - 08:38:26pm - aga23 - deploy copy successful:  - deployServer.php
